agentapp/build/outputs/logs/manifest-merger-release-report.txt
-- Merging decision tree log ---
manifest
ADDED from src\main\AndroidManifest.xml:2:1-264:12
INJECTED from src\main\AndroidManifest.xml:2:1-264:12
INJECTED from src\main\AndroidManifest.xml:2:1-264:12
INJECTED from src\main\AndroidManifest.xml:2:1-264:12
MERGED from [com.contrarywind:Android-PickerView:3.2.6] AndroidManifest.xml:2:1-11:12
MERGED from [com.liaoinstan.springview:library:1.3.0] AndroidManifest.xml:2:1-17:12
MERGED from [:jonylibrary] AndroidManifest.xml:2:1-14:12
MERGED from [cn.bingoogolapple:bga-refreshlayout:1.1.7] AndroidManifest.xml:2:1-10:12
MERGED from [com.android.support:design:26.0.0-beta1] AndroidManifest.xml:17:1-31:12
MERGED from [com.android.support:appcompat-v7:26.0.0-beta1] AndroidManifest.xml:17:1-31:12
MERGED from [com.android.support.constraint:constraint-layout:1.0.2] AndroidManifest.xml:2:1-11:12
MERGED from [org.xutils:xutils:3.5.0] AndroidManifest.xml:2:1-14:12
MERGED from [in.srain.cube:ultra-ptr:1.0.11] AndroidManifest.xml:2:1-13:12
MERGED from [com.android.databinding:adapters:1.2.1] AndroidManifest.xml:17:1-26:12
MERGED from [com.android.databinding:library:1.2.1] AndroidManifest.xml:17:1-26:12
MERGED from [com.android.support:transition:26.0.0-beta1] AndroidManifest.xml:17:1-28:12
MERGED from [com.android.support:support-v4:26.0.0-beta1] AndroidManifest.xml:17:1-31:12
MERGED from [com.android.support:animated-vector-drawable:26.0.0-beta1] AndroidManifest.xml:17:1-28:12
MERGED from [com.android.support:support-vector-drawable:26.0.0-beta1] AndroidManifest.xml:17:1-28:12
MERGED from [com.android.support:recyclerview-v7:26.0.0-beta1] AndroidManifest.xml:17:1-28:12
MERGED from [com.android.support:support-fragment:26.0.0-beta1] AndroidManifest.xml:17:1-31:12
MERGED from [com.android.support:support-core-ui:26.0.0-beta1] AndroidManifest.xml:17:1-31:12
MERGED from [com.android.support:support-media-compat:26.0.0-beta1] AndroidManifest.xml:17:1-31:12
MERGED from [com.android.support:support-core-utils:26.0.0-beta1] AndroidManifest.xml:17:1-31:12
MERGED from [com.android.support:support-compat:26.0.0-beta1] AndroidManifest.xml:17:1-31:12
INJECTED from src\main\AndroidManifest.xml:2:1-264:12
INJECTED from src\main\AndroidManifest.xml:2:1-264:12
INJECTED from src\main\AndroidManifest.xml:2:1-264:12
	package
		ADDED from src\main\AndroidManifest.xml:3:5-32
		INJECTED from src\main\AndroidManifest.xml
		INJECTED from src\main\AndroidManifest.xml
	android:versionName
		INJECTED from src\main\AndroidManifest.xml
		ADDED from src\main\AndroidManifest.xml:2:1-264:12
		INJECTED from src\main\AndroidManifest.xml
	android:versionCode
		INJECTED from src\main\AndroidManifest.xml
		ADDED from src\main\AndroidManifest.xml:2:1-264:12
		INJECTED from src\main\AndroidManifest.xml
	xmlns:android
		ADDED from src\main\AndroidManifest.xml:2:11-69
uses-permission#android.permission.ACCESS_LOCATION_EXTRA_COMMANDS
ADDED from src\main\AndroidManifest.xml:5:5-89
	android:name
		ADDED from src\main\AndroidManifest.xml:5:22-86
uses-permission#android.permission.CALL_PHONE
ADDED from src\main\AndroidManifest.xml:6:5-69
	android:name
		ADDED from src\main\AndroidManifest.xml:6:22-66
uses-permission#android.permission.INTERNET
ADDED from src\main\AndroidManifest.xml:7:5-67
	android:name
		ADDED from src\main\AndroidManifest.xml:7:22-64
uses-permission#android.permission.CAMERA
ADDED from src\main\AndroidManifest.xml:8:5-65
	android:name
		ADDED from src\main\AndroidManifest.xml:8:22-62
uses-permission#android.permission.ACCESS_WIFI_STATE
ADDED from src\main\AndroidManifest.xml:9:5-76
	android:name
		ADDED from src\main\AndroidManifest.xml:9:22-73
uses-permission#android.permission.ACCESS_NETWORK_STATE
ADDED from src\main\AndroidManifest.xml:10:5-79
	android:name
		ADDED from src\main\AndroidManifest.xml:10:22-76
uses-permission#android.permission.READ_PHONE_STATE
ADDED from src\main\AndroidManifest.xml:11:5-75
MERGED from [:jonylibrary] AndroidManifest.xml:11:5-75
MERGED from [:jonylibrary] AndroidManifest.xml:11:5-75
	android:name
		ADDED from src\main\AndroidManifest.xml:11:22-72
uses-permission#android.permission.WAKE_LOCK
ADDED from src\main\AndroidManifest.xml:12:5-68
	android:name
		ADDED from src\main\AndroidManifest.xml:12:22-65
uses-permission#android.permission.MOUNT_UNMOUNT_FILESYSTEMS
ADDED from src\main\AndroidManifest.xml:13:5-84
	android:name
		ADDED from src\main\AndroidManifest.xml:13:22-81
uses-permission#android.permission.WRITE_EXTERNAL_STORAGE
ADDED from src\main\AndroidManifest.xml:14:5-81
	android:name
		ADDED from src\main\AndroidManifest.xml:14:22-78
uses-permission#android.permission.READ_EXTERNAL_STORAGE
ADDED from src\main\AndroidManifest.xml:15:5-80
	android:name
		ADDED from src\main\AndroidManifest.xml:15:22-77
uses-permission#android.permission.VIBRATE
ADDED from src\main\AndroidManifest.xml:16:5-66
MERGED from [:jonylibrary] AndroidManifest.xml:12:5-66
MERGED from [:jonylibrary] AndroidManifest.xml:12:5-66
	android:name
		ADDED from src\main\AndroidManifest.xml:16:22-63
uses-permission#android.permission.FLASHLIGHT
ADDED from src\main\AndroidManifest.xml:17:5-69
	android:name
		ADDED from src\main\AndroidManifest.xml:17:22-66
uses-permission#android.permission.CHANGE_WIFI_STATE
ADDED from src\main\AndroidManifest.xml:22:5-76
	android:name
		ADDED from src\main\AndroidManifest.xml:22:22-73
permission#com.babuwyt.daili.permission.JPUSH_MESSAGE
ADDED from src\main\AndroidManifest.xml:26:5-28:47
	android:protectionLevel
		ADDED from src\main\AndroidManifest.xml:28:9-44
	android:name
		ADDED from src\main\AndroidManifest.xml:27:9-66
uses-permission#com.babuwyt.daili.permission.JPUSH_MESSAGE
ADDED from src\main\AndroidManifest.xml:31:5-82
	android:name
		ADDED from src\main\AndroidManifest.xml:31:22-79
uses-permission#android.permission.RECEIVE_USER_PRESENT
ADDED from src\main\AndroidManifest.xml:32:5-79
	android:name
		ADDED from src\main\AndroidManifest.xml:32:22-76
uses-permission#android.permission.WRITE_SETTINGS
ADDED from src\main\AndroidManifest.xml:33:5-73
	android:name
		ADDED from src\main\AndroidManifest.xml:33:22-70
uses-permission#android.permission.SYSTEM_ALERT_WINDOW
ADDED from src\main\AndroidManifest.xml:37:5-78
	android:name
		ADDED from src\main\AndroidManifest.xml:37:22-75
uses-permission#android.permission.ACCESS_COARSE_LOCATION
ADDED from src\main\AndroidManifest.xml:38:5-81
	android:name
		ADDED from src\main\AndroidManifest.xml:38:22-78
uses-permission#android.permission.ACCESS_FINE_LOCATION
ADDED from src\main\AndroidManifest.xml:40:5-79
	android:name
		ADDED from src\main\AndroidManifest.xml:40:22-76
uses-permission#android.permission.CHANGE_NETWORK_STATE
ADDED from src\main\AndroidManifest.xml:41:5-79
	android:name
		ADDED from src\main\AndroidManifest.xml:41:22-76
uses-permission#android.permission.GET_TASKS
ADDED from src\main\AndroidManifest.xml:42:5-68
	android:name
		ADDED from src\main\AndroidManifest.xml:42:22-65
application
ADDED from src\main\AndroidManifest.xml:43:5-262:19
MERGED from [com.liaoinstan.springview:library:1.3.0] AndroidManifest.xml:11:5-15:19
MERGED from [com.liaoinstan.springview:library:1.3.0] AndroidManifest.xml:11:5-15:19
MERGED from [com.android.support:design:26.0.0-beta1] AndroidManifest.xml:25:5-29:19
MERGED from [com.android.support:design:26.0.0-beta1] AndroidManifest.xml:25:5-29:19
MERGED from [com.android.support:appcompat-v7:26.0.0-beta1] AndroidManifest.xml:25:5-29:19
MERGED from [com.android.support:appcompat-v7:26.0.0-beta1] AndroidManifest.xml:25:5-29:19
MERGED from [com.android.support.constraint:constraint-layout:1.0.2] AndroidManifest.xml:9:5-20
MERGED from [com.android.support.constraint:constraint-layout:1.0.2] AndroidManifest.xml:9:5-20
MERGED from [org.xutils:xutils:3.5.0] AndroidManifest.xml:12:5-20
MERGED from [org.xutils:xutils:3.5.0] AndroidManifest.xml:12:5-20
MERGED from [in.srain.cube:ultra-ptr:1.0.11] AndroidManifest.xml:11:5-20
MERGED from [in.srain.cube:ultra-ptr:1.0.11] AndroidManifest.xml:11:5-20
MERGED from [com.android.support:transition:26.0.0-beta1] AndroidManifest.xml:22:5-26:19
MERGED from [com.android.support:transition:26.0.0-beta1] AndroidManifest.xml:22:5-26:19
MERGED from [com.android.support:support-v4:26.0.0-beta1] AndroidManifest.xml:25:5-29:19
MERGED from [com.android.support:support-v4:26.0.0-beta1] AndroidManifest.xml:25:5-29:19
MERGED from [com.android.support:animated-vector-drawable:26.0.0-beta1] AndroidManifest.xml:22:5-26:19
MERGED from [com.android.support:animated-vector-drawable:26.0.0-beta1] AndroidManifest.xml:22:5-26:19
MERGED from [com.android.support:support-vector-drawable:26.0.0-beta1] AndroidManifest.xml:22:5-26:19
MERGED from [com.android.support:support-vector-drawable:26.0.0-beta1] AndroidManifest.xml:22:5-26:19
MERGED from [com.android.support:recyclerview-v7:26.0.0-beta1] AndroidManifest.xml:22:5-26:19
MERGED from [com.android.support:recyclerview-v7:26.0.0-beta1] AndroidManifest.xml:22:5-26:19
MERGED from [com.android.support:support-fragment:26.0.0-beta1] AndroidManifest.xml:25:5-29:19
MERGED from [com.android.support:support-fragment:26.0.0-beta1] AndroidManifest.xml:25:5-29:19
MERGED from [com.android.support:support-core-ui:26.0.0-beta1] AndroidManifest.xml:25:5-29:19
MERGED from [com.android.support:support-core-ui:26.0.0-beta1] AndroidManifest.xml:25:5-29:19
MERGED from [com.android.support:support-media-compat:26.0.0-beta1] AndroidManifest.xml:25:5-29:19
MERGED from [com.android.support:support-media-compat:26.0.0-beta1] AndroidManifest.xml:25:5-29:19
MERGED from [com.android.support:support-core-utils:26.0.0-beta1] AndroidManifest.xml:25:5-29:19
MERGED from [com.android.support:support-core-utils:26.0.0-beta1] AndroidManifest.xml:25:5-29:19
MERGED from [com.android.support:support-compat:26.0.0-beta1] AndroidManifest.xml:25:5-29:19
MERGED from [com.android.support:support-compat:26.0.0-beta1] AndroidManifest.xml:25:5-29:19
	android:supportsRtl
		ADDED from src\main\AndroidManifest.xml:49:9-35
	android:label
		ADDED from src\main\AndroidManifest.xml:47:9-41
	android:roundIcon
		ADDED from src\main\AndroidManifest.xml:48:9-48
	android:icon
		ADDED from src\main\AndroidManifest.xml:46:9-43
	android:allowBackup
		ADDED from src\main\AndroidManifest.xml:45:9-35
	android:theme
		ADDED from src\main\AndroidManifest.xml:50:9-40
	android:name
		ADDED from src\main\AndroidManifest.xml:44:9-39
activity#com.babuwyt.daili.ui.activity.MainActivity
ADDED from src\main\AndroidManifest.xml:51:9-54:52
	android:screenOrientation
		ADDED from src\main\AndroidManifest.xml:54:13-49
	android:launchMode
		ADDED from src\main\AndroidManifest.xml:53:13-44
	android:name
		ADDED from src\main\AndroidManifest.xml:52:13-53
activity#com.babuwyt.daili.ui.activity.SettingActivity
ADDED from src\main\AndroidManifest.xml:55:9-58:52
	android:screenOrientation
		ADDED from src\main\AndroidManifest.xml:58:13-49
	android:launchMode
		ADDED from src\main\AndroidManifest.xml:57:13-43
	android:name
		ADDED from src\main\AndroidManifest.xml:56:13-56
activity#com.babuwyt.daili.ui.activity.LoginActivity
ADDED from src\main\AndroidManifest.xml:59:9-62:51
	android:screenOrientation
		ADDED from src\main\AndroidManifest.xml:62:13-49
	android:launchMode
		ADDED from src\main\AndroidManifest.xml:61:13-43
	android:name
		ADDED from src\main\AndroidManifest.xml:60:13-54
activity#com.babuwyt.daili.ui.activity.WelcomeActivity
ADDED from src\main\AndroidManifest.xml:63:9-72:20
	android:screenOrientation
		ADDED from src\main\AndroidManifest.xml:66:13-49
	android:launchMode
		ADDED from src\main\AndroidManifest.xml:65:13-43
	android:name
		ADDED from src\main\AndroidManifest.xml:64:13-56
intent-filter#android.intent.action.MAIN+android.intent.category.LAUNCHER
ADDED from src\main\AndroidManifest.xml:67:13-71:29
action#android.intent.action.MAIN
ADDED from src\main\AndroidManifest.xml:68:17-69
	android:name
		ADDED from src\main\AndroidManifest.xml:68:25-66
category#android.intent.category.LAUNCHER
ADDED from src\main\AndroidManifest.xml:70:17-77
	android:name
		ADDED from src\main\AndroidManifest.xml:70:27-74
activity#com.babuwyt.daili.ui.activity.GuideActivity
ADDED from src\main\AndroidManifest.xml:73:9-76:51
	android:screenOrientation
		ADDED from src\main\AndroidManifest.xml:76:13-49
	android:launchMode
		ADDED from src\main\AndroidManifest.xml:75:13-43
	android:name
		ADDED from src\main\AndroidManifest.xml:74:13-54
activity#com.babuwyt.daili.ui.activity.MsgActivity
ADDED from src\main\AndroidManifest.xml:77:9-80:51
	android:screenOrientation
		ADDED from src\main\AndroidManifest.xml:80:13-49
	android:launchMode
		ADDED from src\main\AndroidManifest.xml:79:13-43
	android:name
		ADDED from src\main\AndroidManifest.xml:78:13-52
activity#com.babuwyt.daili.ui.activity.QRcodeActivity
ADDED from src\main\AndroidManifest.xml:81:9-84:51
	android:screenOrientation
		ADDED from src\main\AndroidManifest.xml:84:13-49
	android:launchMode
		ADDED from src\main\AndroidManifest.xml:83:13-43
	android:name
		ADDED from src\main\AndroidManifest.xml:82:13-55
activity#com.babuwyt.daili.ui.activity.MyOrderActivity
ADDED from src\main\AndroidManifest.xml:85:9-88:51
	android:screenOrientation
		ADDED from src\main\AndroidManifest.xml:88:13-49
	android:launchMode
		ADDED from src\main\AndroidManifest.xml:87:13-43
	android:name
		ADDED from src\main\AndroidManifest.xml:86:13-56
activity#com.babuwyt.daili.ui.activity.OrderDetailsActivity
ADDED from src\main\AndroidManifest.xml:89:9-92:51
	android:screenOrientation
		ADDED from src\main\AndroidManifest.xml:92:13-49
	android:launchMode
		ADDED from src\main\AndroidManifest.xml:91:13-43
	android:name
		ADDED from src\main\AndroidManifest.xml:90:13-61
activity#com.babuwyt.daili.ui.activity.MySijiActivity
ADDED from src\main\AndroidManifest.xml:93:9-97:51
	android:screenOrientation
		ADDED from src\main\AndroidManifest.xml:97:13-49
	android:launchMode
		ADDED from src\main\AndroidManifest.xml:95:13-43
	android:windowSoftInputMode
		ADDED from src\main\AndroidManifest.xml:96:13-64
	android:name
		ADDED from src\main\AndroidManifest.xml:94:13-55
activity#com.babuwyt.daili.ui.activity.SijiDetailsActivity
ADDED from src\main\AndroidManifest.xml:98:9-101:51
	android:screenOrientation
		ADDED from src\main\AndroidManifest.xml:101:13-49
	android:launchMode
		ADDED from src\main\AndroidManifest.xml:100:13-43
	android:name
		ADDED from src\main\AndroidManifest.xml:99:13-60
activity#com.babuwyt.daili.ui.activity.WaybillTrackingActivity
ADDED from src\main\AndroidManifest.xml:102:9-105:51
	android:screenOrientation
		ADDED from src\main\AndroidManifest.xml:105:13-49
	android:launchMode
		ADDED from src\main\AndroidManifest.xml:104:13-43
	android:name
		ADDED from src\main\AndroidManifest.xml:103:13-64
activity#com.babuwyt.daili.ui.activity.SearchSijiActivity
ADDED from src\main\AndroidManifest.xml:106:9-110:51
	android:screenOrientation
		ADDED from src\main\AndroidManifest.xml:110:13-49
	android:launchMode
		ADDED from src\main\AndroidManifest.xml:108:13-43
	android:windowSoftInputMode
		ADDED from src\main\AndroidManifest.xml:109:13-64
	android:name
		ADDED from src\main\AndroidManifest.xml:107:13-59
activity#com.babuwyt.daili.ui.activity.YundanDetailsActivity
ADDED from src\main\AndroidManifest.xml:111:9-115:51
	android:screenOrientation
		ADDED from src\main\AndroidManifest.xml:115:13-49
	android:launchMode
		ADDED from src\main\AndroidManifest.xml:113:13-43
	android:windowSoftInputMode
		ADDED from src\main\AndroidManifest.xml:114:13-64
	android:name
		ADDED from src\main\AndroidManifest.xml:112:13-62
activity#com.babuwyt.daili.ui.activity.StateGenzongActivity
ADDED from src\main\AndroidManifest.xml:116:9-120:51
	android:screenOrientation
		ADDED from src\main\AndroidManifest.xml:120:13-49
	android:launchMode
		ADDED from src\main\AndroidManifest.xml:118:13-43
	android:windowSoftInputMode
		ADDED from src\main\AndroidManifest.xml:119:13-64
	android:name
		ADDED from src\main\AndroidManifest.xml:117:13-61
activity#com.babuwyt.daili.ui.activity.GuijiActivity
ADDED from src\main\AndroidManifest.xml:121:9-125:51
	android:screenOrientation
		ADDED from src\main\AndroidManifest.xml:125:13-49
	android:launchMode
		ADDED from src\main\AndroidManifest.xml:123:13-43
	android:windowSoftInputMode
		ADDED from src\main\AndroidManifest.xml:124:13-64
	android:name
		ADDED from src\main\AndroidManifest.xml:122:13-54
activity#com.babuwyt.daili.ui.activity.WeiZhiActivity
ADDED from src\main\AndroidManifest.xml:126:9-130:51
	android:screenOrientation
		ADDED from src\main\AndroidManifest.xml:130:13-49
	android:launchMode
		ADDED from src\main\AndroidManifest.xml:128:13-43
	android:windowSoftInputMode
		ADDED from src\main\AndroidManifest.xml:129:13-64
	android:name
		ADDED from src\main\AndroidManifest.xml:127:13-55
activity#com.babuwyt.daili.ui.activity.ChengePsdActivity
ADDED from src\main\AndroidManifest.xml:131:9-135:51
	android:screenOrientation
		ADDED from src\main\AndroidManifest.xml:135:13-49
	android:launchMode
		ADDED from src\main\AndroidManifest.xml:133:13-43
	android:windowSoftInputMode
		ADDED from src\main\AndroidManifest.xml:134:13-64
	android:name
		ADDED from src\main\AndroidManifest.xml:132:13-58
activity#com.babuwyt.daili.utils.jpush.TestActivity
ADDED from src\main\AndroidManifest.xml:138:9-145:20
	android:exported
		ADDED from src\main\AndroidManifest.xml:140:13-37
	android:name
		ADDED from src\main\AndroidManifest.xml:139:13-53
intent-filter#jpush.testAction+jpush.testCategory
ADDED from src\main\AndroidManifest.xml:141:13-144:29
action#jpush.testAction
ADDED from src\main\AndroidManifest.xml:142:17-59
	android:name
		ADDED from src\main\AndroidManifest.xml:142:25-56
category#jpush.testCategory
ADDED from src\main\AndroidManifest.xml:143:17-63
	android:name
		ADDED from src\main\AndroidManifest.xml:143:27-60
activity#cn.jpush.android.ui.PopWinActivity
ADDED from src\main\AndroidManifest.xml:148:9-150:39
	android:exported
		ADDED from src\main\AndroidManifest.xml:150:13-37
	android:name
		ADDED from src\main\AndroidManifest.xml:149:13-62
activity#cn.jpush.android.ui.PushActivity
ADDED from src\main\AndroidManifest.xml:153:9-164:20
	android:exported
		ADDED from src\main\AndroidManifest.xml:156:13-37
	android:configChanges
		ADDED from src\main\AndroidManifest.xml:155:13-63
	android:theme
		ADDED from src\main\AndroidManifest.xml:157:13-60
	android:name
		ADDED from src\main\AndroidManifest.xml:154:13-60
intent-filter#android.intent.category.DEFAULT+cn.jpush.android.ui.PushActivity+com.babuwyt.daili
ADDED from src\main\AndroidManifest.xml:158:13-163:29
action#cn.jpush.android.ui.PushActivity
ADDED from src\main\AndroidManifest.xml:159:17-75
	android:name
		ADDED from src\main\AndroidManifest.xml:159:25-72
category#android.intent.category.DEFAULT
ADDED from src\main\AndroidManifest.xml:161:17-76
	android:name
		ADDED from src\main\AndroidManifest.xml:161:27-73
category#com.babuwyt.daili
ADDED from src\main\AndroidManifest.xml:162:17-62
	android:name
		ADDED from src\main\AndroidManifest.xml:162:27-59
service#cn.jpush.android.service.PushService
ADDED from src\main\AndroidManifest.xml:168:9-178:19
	android:process
		ADDED from src\main\AndroidManifest.xml:171:13-36
	android:exported
		ADDED from src\main\AndroidManifest.xml:170:13-37
	android:name
		ADDED from src\main\AndroidManifest.xml:169:13-64
intent-filter#cn.jpush.android.intent.PUSH_TIME+cn.jpush.android.intent.PushService+cn.jpush.android.intent.REGISTER+cn.jpush.android.intent.REPORT
ADDED from src\main\AndroidManifest.xml:172:13-177:29
action#cn.jpush.android.intent.REGISTER
ADDED from src\main\AndroidManifest.xml:173:17-75
	android:name
		ADDED from src\main\AndroidManifest.xml:173:25-72
action#cn.jpush.android.intent.REPORT
ADDED from src\main\AndroidManifest.xml:174:17-73
	android:name
		ADDED from src\main\AndroidManifest.xml:174:25-70
action#cn.jpush.android.intent.PushService
ADDED from src\main\AndroidManifest.xml:175:17-78
	android:name
		ADDED from src\main\AndroidManifest.xml:175:25-75
action#cn.jpush.android.intent.PUSH_TIME
ADDED from src\main\AndroidManifest.xml:176:17-76
	android:name
		ADDED from src\main\AndroidManifest.xml:176:25-73
provider#cn.jpush.android.service.DataProvider
ADDED from src\main\AndroidManifest.xml:180:9-183:40
	android:authorities
		ADDED from src\main\AndroidManifest.xml:182:13-65
	android:exported
		ADDED from src\main\AndroidManifest.xml:183:13-37
	android:name
		ADDED from src\main\AndroidManifest.xml:181:13-65
service#cn.jpush.android.service.DaemonService
ADDED from src\main\AndroidManifest.xml:187:9-196:19
	android:enabled
		ADDED from src\main\AndroidManifest.xml:189:13-35
	android:exported
		ADDED from src\main\AndroidManifest.xml:190:13-36
	android:name
		ADDED from src\main\AndroidManifest.xml:188:13-66
intent-filter#cn.jpush.android.intent.DaemonService+com.babuwyt.daili
ADDED from src\main\AndroidManifest.xml:191:13-194:29
action#cn.jpush.android.intent.DaemonService
ADDED from src\main\AndroidManifest.xml:192:17-80
	android:name
		ADDED from src\main\AndroidManifest.xml:192:25-77
receiver#cn.jpush.android.service.PushReceiver
ADDED from src\main\AndroidManifest.xml:199:9-218:20
	android:enabled
		ADDED from src\main\AndroidManifest.xml:201:13-35
	android:exported
		ADDED from src\main\AndroidManifest.xml:202:13-37
	android:name
		ADDED from src\main\AndroidManifest.xml:200:13-65
intent-filter#cn.jpush.android.intent.NOTIFICATION_RECEIVED_PROXY+com.babuwyt.daili
ADDED from src\main\AndroidManifest.xml:203:13-206:29
	android:priority
		ADDED from src\main\AndroidManifest.xml:203:28-51
action#cn.jpush.android.intent.NOTIFICATION_RECEIVED_PROXY
ADDED from src\main\AndroidManifest.xml:204:17-94
	android:name
		ADDED from src\main\AndroidManifest.xml:204:25-91
intent-filter#android.intent.action.USER_PRESENT+android.net.conn.CONNECTIVITY_CHANGE
ADDED from src\main\AndroidManifest.xml:207:13-210:29
action#android.intent.action.USER_PRESENT
ADDED from src\main\AndroidManifest.xml:208:17-77
	android:name
		ADDED from src\main\AndroidManifest.xml:208:25-74
action#android.net.conn.CONNECTIVITY_CHANGE
ADDED from src\main\AndroidManifest.xml:209:17-79
	android:name
		ADDED from src\main\AndroidManifest.xml:209:25-76
intent-filter#android.intent.action.PACKAGE_ADDED+android.intent.action.PACKAGE_REMOVED
ADDED from src\main\AndroidManifest.xml:212:13-217:29
action#android.intent.action.PACKAGE_ADDED
ADDED from src\main\AndroidManifest.xml:213:17-78
	android:name
		ADDED from src\main\AndroidManifest.xml:213:25-75
action#android.intent.action.PACKAGE_REMOVED
ADDED from src\main\AndroidManifest.xml:214:17-80
	android:name
		ADDED from src\main\AndroidManifest.xml:214:25-77
data
ADDED from src\main\AndroidManifest.xml:216:17-50
	android:scheme
		ADDED from src\main\AndroidManifest.xml:216:23-47
receiver#cn.jpush.android.service.AlarmReceiver
ADDED from src\main\AndroidManifest.xml:221:9-223:40
	android:exported
		ADDED from src\main\AndroidManifest.xml:223:13-37
	android:name
		ADDED from src\main\AndroidManifest.xml:222:13-66
receiver#com.babuwyt.daili.utils.jpush.MyReceiver
ADDED from src\main\AndroidManifest.xml:227:9-238:20
	android:enabled
		ADDED from src\main\AndroidManifest.xml:229:13-35
	android:name
		ADDED from src\main\AndroidManifest.xml:228:13-51
intent-filter#cn.jpush.android.intent.CONNECTION+cn.jpush.android.intent.MESSAGE_RECEIVED+cn.jpush.android.intent.NOTIFICATION_OPENED+cn.jpush.android.intent.NOTIFICATION_RECEIVED+cn.jpush.android.intent.REGISTRATION+com.babuwyt.daili
ADDED from src\main\AndroidManifest.xml:230:13-237:29
action#cn.jpush.android.intent.REGISTRATION
ADDED from src\main\AndroidManifest.xml:231:17-79
	android:name
		ADDED from src\main\AndroidManifest.xml:231:25-76
action#cn.jpush.android.intent.MESSAGE_RECEIVED
ADDED from src\main\AndroidManifest.xml:232:17-83
	android:name
		ADDED from src\main\AndroidManifest.xml:232:25-80
action#cn.jpush.android.intent.NOTIFICATION_RECEIVED
ADDED from src\main\AndroidManifest.xml:233:17-88
	android:name
		ADDED from src\main\AndroidManifest.xml:233:25-85
action#cn.jpush.android.intent.NOTIFICATION_OPENED
ADDED from src\main\AndroidManifest.xml:234:17-86
	android:name
		ADDED from src\main\AndroidManifest.xml:234:25-83
action#cn.jpush.android.intent.CONNECTION
ADDED from src\main\AndroidManifest.xml:235:17-77
	android:name
		ADDED from src\main\AndroidManifest.xml:235:25-74
receiver#com.babuwyt.daili.utils.jpush.MyJPushMessageReceiver
ADDED from src\main\AndroidManifest.xml:241:9-246:20
	android:name
		ADDED from src\main\AndroidManifest.xml:241:19-69
intent-filter#cn.jpush.android.intent.RECEIVE_MESSAGE+com.babuwyt.daili
ADDED from src\main\AndroidManifest.xml:242:13-245:29
action#cn.jpush.android.intent.RECEIVE_MESSAGE
ADDED from src\main\AndroidManifest.xml:243:17-82
	android:name
		ADDED from src\main\AndroidManifest.xml:243:25-79
meta-data#JPUSH_CHANNEL
ADDED from src\main\AndroidManifest.xml:248:9-250:49
	android:value
		ADDED from src\main\AndroidManifest.xml:250:13-46
	android:name
		ADDED from src\main\AndroidManifest.xml:249:13-41
meta-data#JPUSH_APPKEY
ADDED from src\main\AndroidManifest.xml:251:9-253:56
	android:value
		ADDED from src\main\AndroidManifest.xml:253:13-53
	android:name
		ADDED from src\main\AndroidManifest.xml:252:13-40
meta-data#com.amap.api.v2.apikey
ADDED from src\main\AndroidManifest.xml:256:9-259:21
	android:value
		ADDED from src\main\AndroidManifest.xml:258:13-61
	android:name
		ADDED from src\main\AndroidManifest.xml:257:13-50
service#com.amap.api.location.APSService
ADDED from src\main\AndroidManifest.xml:260:9-67
	android:name
		ADDED from src\main\AndroidManifest.xml:260:18-65
uses-sdk
INJECTED from src\main\AndroidManifest.xml reason: use-sdk injection requested
INJECTED from src\main\AndroidManifest.xml
INJECTED from src\main\AndroidManifest.xml
MERGED from [com.contrarywind:Android-PickerView:3.2.6] AndroidManifest.xml:7:5-9:41
MERGED from [com.contrarywind:Android-PickerView:3.2.6] AndroidManifest.xml:7:5-9:41
MERGED from [com.liaoinstan.springview:library:1.3.0] AndroidManifest.xml:7:5-9:41
MERGED from [com.liaoinstan.springview:library:1.3.0] AndroidManifest.xml:7:5-9:41
MERGED from [:jonylibrary] AndroidManifest.xml:7:5-9:41
MERGED from [:jonylibrary] AndroidManifest.xml:7:5-9:41
MERGED from [cn.bingoogolapple:bga-refreshlayout:1.1.7] AndroidManifest.xml:6:5-8:41
MERGED from [cn.bingoogolapple:bga-refreshlayout:1.1.7] AndroidManifest.xml:6:5-8:41
MERGED from [com.android.support:design:26.0.0-beta1] AndroidManifest.xml:21:5-23:62
MERGED from [com.android.support:design:26.0.0-beta1] AndroidManifest.xml:21:5-23:62
MERGED from [com.android.support:appcompat-v7:26.0.0-beta1] AndroidManifest.xml:21:5-23:78
MERGED from [com.android.support:appcompat-v7:26.0.0-beta1] AndroidManifest.xml:21:5-23:78
MERGED from [com.android.support.constraint:constraint-layout:1.0.2] AndroidManifest.xml:5:5-7:41
MERGED from [com.android.support.constraint:constraint-layout:1.0.2] AndroidManifest.xml:5:5-7:41
MERGED from [org.xutils:xutils:3.5.0] AndroidManifest.xml:8:5-10:41
MERGED from [org.xutils:xutils:3.5.0] AndroidManifest.xml:8:5-10:41
MERGED from [in.srain.cube:ultra-ptr:1.0.11] AndroidManifest.xml:7:5-9:41
MERGED from [in.srain.cube:ultra-ptr:1.0.11] AndroidManifest.xml:7:5-9:41
MERGED from [com.android.databinding:adapters:1.2.1] AndroidManifest.xml:22:5-24:41
MERGED from [com.android.databinding:adapters:1.2.1] AndroidManifest.xml:22:5-24:41
MERGED from [com.android.databinding:library:1.2.1] AndroidManifest.xml:22:5-24:41
MERGED from [com.android.databinding:library:1.2.1] AndroidManifest.xml:22:5-24:41
MERGED from [com.android.support:transition:26.0.0-beta1] AndroidManifest.xml:20:5-44
MERGED from [com.android.support:transition:26.0.0-beta1] AndroidManifest.xml:20:5-44
MERGED from [com.android.support:support-v4:26.0.0-beta1] AndroidManifest.xml:21:5-23:54
MERGED from [com.android.support:support-v4:26.0.0-beta1] AndroidManifest.xml:21:5-23:54
MERGED from [com.android.support:animated-vector-drawable:26.0.0-beta1] AndroidManifest.xml:20:5-44
MERGED from [com.android.support:animated-vector-drawable:26.0.0-beta1] AndroidManifest.xml:20:5-44
MERGED from [com.android.support:support-vector-drawable:26.0.0-beta1] AndroidManifest.xml:20:5-44
MERGED from [com.android.support:support-vector-drawable:26.0.0-beta1] AndroidManifest.xml:20:5-44
MERGED from [com.android.support:recyclerview-v7:26.0.0-beta1] AndroidManifest.xml:20:5-44
MERGED from [com.android.support:recyclerview-v7:26.0.0-beta1] AndroidManifest.xml:20:5-44
MERGED from [com.android.support:support-fragment:26.0.0-beta1] AndroidManifest.xml:21:5-23:60
MERGED from [com.android.support:support-fragment:26.0.0-beta1] AndroidManifest.xml:21:5-23:60
MERGED from [com.android.support:support-core-ui:26.0.0-beta1] AndroidManifest.xml:21:5-23:58
MERGED from [com.android.support:support-core-ui:26.0.0-beta1] AndroidManifest.xml:21:5-23:58
MERGED from [com.android.support:support-media-compat:26.0.0-beta1] AndroidManifest.xml:21:5-23:63
MERGED from [com.android.support:support-media-compat:26.0.0-beta1] AndroidManifest.xml:21:5-23:63
MERGED from [com.android.support:support-core-utils:26.0.0-beta1] AndroidManifest.xml:21:5-23:61
MERGED from [com.android.support:support-core-utils:26.0.0-beta1] AndroidManifest.xml:21:5-23:61
MERGED from [com.android.support:support-compat:26.0.0-beta1] AndroidManifest.xml:21:5-23:58
MERGED from [com.android.support:support-compat:26.0.0-beta1] AndroidManifest.xml:21:5-23:58
INJECTED from src\main\AndroidManifest.xml
INJECTED from src\main\AndroidManifest.xml
	tools:overrideLibrary
		ADDED from [com.android.support:design:26.0.0-beta1] AndroidManifest.xml:23:9-59
	android:targetSdkVersion
		INJECTED from src\main\AndroidManifest.xml
		ADDED from src\main\AndroidManifest.xml
		INJECTED from src\main\AndroidManifest.xml
	android:minSdkVersion
		INJECTED from src\main\AndroidManifest.xml
		ADDED from src\main\AndroidManifest.xml
		INJECTED from src\main\AndroidManifest.xml
meta-data#android.support.VERSION